<?xml version="1.0" encoding="UTF-8"?>
<!-- Generated by org.testng.reporters.JUnitXMLReporter -->
<testsuite ignored="0" hostname="LAPTOP-217R14G5" failures="0" tests="3" name="Default test" time="12.332" errors="0" timestamp="2022-09-23T18:00:09 IST">
  <testcase classname="Assignment.Calculator" name="fillingForm" time="2.2"/>
  <testcase classname="Assignment.Calculator" name="startOver" time="0.194"/>
  <testcase classname="Assignment.Calculator" name="verifying" time="0.387"/>
</testsuite> <!-- Default test -->
