<?xml version="1.0" encoding="UTF-8"?>
<testng-results ignored="0" total="3" passed="3" failed="0" skipped="0">
  <reporter-output>
  </reporter-output>
  <suite started-at="2022-09-23T17:59:57 IST" name="Default suite" finished-at="2022-09-23T18:00:09 IST" duration-ms="12332">
    <groups>
    </groups>
    <test started-at="2022-09-23T17:59:57 IST" name="Default test" finished-at="2022-09-23T18:00:09 IST" duration-ms="12332">
      <class name="Assignment.Calculator">
        <test-method is-config="true" signature="login()[pri:0, instance:Assignment.Calculator@11f0a5a1]" started-at="2022-09-23T17:59:57 IST" name="login" finished-at="2022-09-23T18:00:06 IST" duration-ms="9323" status="PASS">
          <reporter-output>
          </reporter-output>
        </test-method> <!-- login -->
        <test-method signature="fillingForm()[pri:0, instance:Assignment.Calculator@11f0a5a1]" started-at="2022-09-23T18:00:06 IST" name="fillingForm" finished-at="2022-09-23T18:00:09 IST" duration-ms="2200" status="PASS">
          <reporter-output>
          </reporter-output>
        </test-method> <!-- fillingForm -->
        <test-method signature="startOver()[pri:1, instance:Assignment.Calculator@11f0a5a1]" started-at="2022-09-23T18:00:09 IST" name="startOver" finished-at="2022-09-23T18:00:09 IST" duration-ms="194" status="PASS">
          <reporter-output>
          </reporter-output>
        </test-method> <!-- startOver -->
        <test-method signature="verifying()[pri:2, instance:Assignment.Calculator@11f0a5a1]" started-at="2022-09-23T18:00:09 IST" name="verifying" finished-at="2022-09-23T18:00:09 IST" duration-ms="387" status="PASS">
          <reporter-output>
          </reporter-output>
        </test-method> <!-- verifying -->
      </class> <!-- Assignment.Calculator -->
    </test> <!-- Default test -->
  </suite> <!-- Default suite -->
</testng-results>
